<?xml version="1.0" encoding="UTF-8"?>
<!-- Generated by org.testng.reporters.JUnitReportReporter -->
<testsuite hostname="LAPTOP-UIQ8DPU2" failures="0" tests="1" name="com.tests.AllTest" time="9.382" errors="0" timestamp="2022-01-17T13:03:01 IST" skipped="0">
  <testcase classname="com.tests.AllTest" name="test" time="9.382"/>
  <system-out/>
</testsuite> <!-- com.tests.AllTest -->
